2021-06-27 18:42:46,204 - instabot version: 0.117.0 (bot) - INFO - Instabot version: 0.117.0 Started
2021-06-27 18:42:46,204 - instabot version: 0.117.0 (bot) - DEBUG - Bot imported from /home/deep/anaconda3/envs/py36/lib/python3.6/site-packages/instabot/bot/bot.py
2021-06-27 18:42:46,207 - instabot version: 0.117.0 (api_login) - INFO - Not yet logged in starting: PRE-LOGIN FLOW!
2021-06-27 18:42:47,086 - instabot version: 0.117.0 (api) - DEBUG - POST to endpoint: accounts/get_prefill_candidates/ returned response: <Response [200]>
2021-06-27 18:42:47,856 - instabot version: 0.117.0 (api) - DEBUG - POST to endpoint: qe/sync/ returned response: <Response [200]>
2021-06-27 18:42:48,656 - instabot version: 0.117.0 (api) - DEBUG - POST to endpoint: launcher/sync/ returned response: <Response [200]>
2021-06-27 18:42:49,441 - instabot version: 0.117.0 (api) - DEBUG - POST to endpoint: accounts/contact_point_prefill/ returned response: <Response [200]>
2021-06-27 18:42:51,634 - instabot version: 0.117.0 (api) - DEBUG - POST to endpoint: accounts/login/ returned response: <Response [200]>
2021-06-27 18:42:51,634 - instabot version: 0.117.0 (api) - INFO - Logged-in successfully as '__zahra.zarrabi98'!
2021-06-27 18:42:51,635 - instabot version: 0.117.0 (api_login) - INFO - LOGIN FLOW! Just logged-in: True
2021-06-27 18:42:52,613 - instabot version: 0.117.0 (api) - DEBUG - POST to endpoint: qe/sync/ returned response: <Response [200]>
2021-06-27 18:42:53,488 - instabot version: 0.117.0 (api) - DEBUG - POST to endpoint: launcher/sync/ returned response: <Response [200]>
2021-06-27 18:42:54,292 - instabot version: 0.117.0 (api) - DEBUG - GET to endpoint: zr/token/result/?device_id=android-6fb1a3a624b53b9c&token_hash=&custom_device_id=android-6fb1a3a624b53b9c&fetch_reason=token_expired returned response: <Response [200]>
2021-06-27 18:42:55,079 - instabot version: 0.117.0 (api) - DEBUG - GET to endpoint: multiple_accounts/get_account_family/ returned response: <Response [200]>
2021-06-27 18:42:55,994 - instabot version: 0.117.0 (api) - DEBUG - POST to endpoint: qe/sync/ returned response: <Response [200]>
2021-06-27 18:43:11,887 - instabot version: 0.117.0 (api) - DEBUG - GET to endpoint: igtv/browse_feed/?prefetch=1 returned response: <Response [500]>
2021-06-27 18:43:11,888 - instabot version: 0.117.0 (api) - DEBUG - Responsecode indicates error; response content: b''
2021-06-27 18:43:11,889 - instabot version: 0.117.0 (api) - ERROR - Request returns 500 error!
2021-06-27 18:43:11,889 - instabot version: 0.117.0 (api) - ERROR - Error checking for `feedback_required`, response text is not JSON
2021-06-27 18:43:11,890 - instabot version: 0.117.0 (api) - INFO - Full Response: <Response [500]>
2021-06-27 18:43:11,891 - instabot version: 0.117.0 (api) - INFO - Response Text: 
2021-06-27 18:43:11,891 - instabot version: 0.117.0 (api) - ERROR - Error unknown send request
2021-06-27 18:43:12,741 - instabot version: 0.117.0 (api) - DEBUG - POST to endpoint: creatives/ar_class/ returned response: <Response [200]>
2021-06-27 18:43:15,688 - instabot version: 0.117.0 (api) - DEBUG - POST to endpoint: feed/reels_tray/ returned response: <Response [200]>
2021-06-27 18:43:18,069 - instabot version: 0.117.0 (api) - DEBUG - POST to endpoint: feed/timeline/ returned response: <Response [200]>
2021-06-27 18:43:18,801 - instabot version: 0.117.0 (api) - DEBUG - GET to endpoint: media/blocked/ returned response: <Response [200]>
2021-06-27 18:43:20,508 - instabot version: 0.117.0 (api) - DEBUG - GET to endpoint: news/inbox/ returned response: <Response [200]>
2021-06-27 18:43:21,309 - instabot version: 0.117.0 (api) - DEBUG - GET to endpoint: loom/fetch_config/ returned response: <Response [200]>
2021-06-27 18:43:23,448 - instabot version: 0.117.0 (api) - DEBUG - GET to endpoint: scores/bootstrap/users/?surfaces=["autocomplete_user_list","coefficient_besties_list_ranking","coefficient_rank_recipient_user_suggestion","coefficient_ios_section_test_bootstrap_ranking","coefficient_direct_recipients_ranking_variant_2"] returned response: <Response [200]>
2021-06-27 18:43:24,392 - instabot version: 0.117.0 (api) - DEBUG - GET to endpoint: business/eligibility/get_monetization_products_eligibility_data/?product_types=branded_content returned response: <Response [200]>
2021-06-27 18:43:25,202 - instabot version: 0.117.0 (api) - DEBUG - GET to endpoint: business/branded_content/should_require_professional_account/ returned response: <Response [200]>
2021-06-27 18:43:25,966 - instabot version: 0.117.0 (api) - DEBUG - GET to endpoint: linked_accounts/get_linkage_status/ returned response: <Response [200]>
2021-06-27 18:43:26,856 - instabot version: 0.117.0 (api) - DEBUG - GET to endpoint: locations/request_country/ returned response: <Response [200]>
2021-06-27 18:43:27,667 - instabot version: 0.117.0 (api) - DEBUG - GET to endpoint: qp/get_cooldowns/?signed_body=signed_body=4b9c516a5410a3bc128e09c6104a7f042146b9c2023870560c63a43a7f66781c.4&ig_sig_key_version=4&ig_sig_key_version=4 returned response: <Response [200]>
2021-06-27 18:43:28,430 - instabot version: 0.117.0 (api) - DEBUG - GET to endpoint: users/arlink_download_info/?version_override=2.2.1 returned response: <Response [200]>
2021-06-27 18:43:29,363 - instabot version: 0.117.0 (api) - DEBUG - GET to endpoint: users/2950977718/info/ returned response: <Response [200]>
2021-06-27 18:43:30,144 - instabot version: 0.117.0 (api) - DEBUG - GET to endpoint: direct_v2/get_presence/ returned response: <Response [200]>
2021-06-27 18:43:32,854 - instabot version: 0.117.0 (api) - DEBUG - GET to endpoint: direct_v2/inbox/?visual_message_return_type=unseen&thread_message_limit=10&persistentBadging=true&limit=20 returned response: <Response [200]>
2021-06-27 18:43:33,642 - instabot version: 0.117.0 (api) - DEBUG - GET to endpoint: direct_v2/inbox/?visual_message_return_type=unseen&persistentBadging=true&limit=0 returned response: <Response [200]>
2021-06-27 18:43:34,795 - instabot version: 0.117.0 (api) - DEBUG - GET to endpoint: discover/topical_explore/?is_prefetch=true&omit_cover_media=true&use_sectional_payload=true&timezone_offset=0&session_id=94b82d0a-7a17-460b-a1bf-ae2e725ad004&include_fixed_destinations=true returned response: <Response [200]>
2021-06-27 18:43:35,613 - instabot version: 0.117.0 (api) - DEBUG - POST to endpoint: notifications/badge/ returned response: <Response [200]>
2021-06-27 18:43:36,497 - instabot version: 0.117.0 (api) - DEBUG - POST to endpoint: qp/batch_fetch/ returned response: <Response [200]>
2021-06-27 18:43:36,501 - instabot version: 0.117.0 (bot_checkpoint) - DEBUG - Loading Checkpoint file from: /media/deep/34AC4767AC4722AA1/zahra_workspace/image_processing/Assignment_25/tamrin1/config/__zahra.zarrabi98.checkpoint
2021-06-27 18:43:57,554 - instabot version: 0.117.0 (api) - DEBUG - POST to endpoint: media/configure/? returned response: <Response [200]>
2021-06-27 18:43:58,698 - instabot version: 0.117.0 (api) - DEBUG - POST to endpoint: qe/expose/ returned response: <Response [200]>
2021-06-27 18:43:58,700 - instabot version: 0.117.0 (bot_photo) - INFO - Photo 'imgpy.jpg' is uploaded.
2021-06-27 18:44:50,148 - instabot version: 0.117.0 (bot_checkpoint) - DEBUG - Saving Checkpoint file to: /media/deep/34AC4767AC4722AA1/zahra_workspace/image_processing/Assignment_25/tamrin1/config/__zahra.zarrabi98.checkpoint
2021-06-27 18:44:50,370 - instabot version: 0.117.0 (bot) - INFO - Total requests: 33
